


ARM Macro Assembler    Page 1 


    1 00000000         ;/******************************************************
                       ************************
    2 00000000         ; * @file     startup_SN34F780.s
    3 00000000         ; * @brief    CMSIS Cortex-M4 Core Device Startup File
    4 00000000         ; *           for the SONIX SN34F780 Device Series
    5 00000000         ; * @version  V2.0.2
    6 00000000         ; * @date     June 2024
    7 00000000         ; *------- <<< Use Configuration Wizard in Context Menu 
                       >>> ------------------
    8 00000000         ; *
    9 00000000         ; * @note
   10 00000000         ; * Copyright (C) 2022-2024 ARM Limited. All rights rese
                       rved.
   11 00000000         ; *
   12 00000000         ; * @par
   13 00000000         ; * ARM Limited (ARM) is supplying this software for use
                        with Cortex-M 
   14 00000000         ; * processor based microcontrollers.  This file can be 
                       freely distributed 
   15 00000000         ; * within development tools that are supporting such AR
                       M based processors. 
   16 00000000         ; *
   17 00000000         ; * @par
   18 00000000         ; * THIS SOFTWARE IS PROVIDED "AS IS".  NO WARRANTIES, W
                       HETHER EXPRESS, IMPLIED
   19 00000000         ; * OR STATUTORY, INCLUDING, BUT NOT LIMITED TO, IMPLIED
                        WARRANTIES OF
   20 00000000         ; * MERCHANTABILITY AND FITNESS FOR A PARTICULAR PURPOSE
                        APPLY TO THIS SOFTWARE.
   21 00000000         ; * ARM SHALL NOT, IN ANY CIRCUMSTANCES, BE LIABLE FOR S
                       PECIAL, INCIDENTAL, OR
   22 00000000         ; * CONSEQUENTIAL DAMAGES, FOR ANY REASON WHATSOEVER.
   23 00000000         ; *
   24 00000000         ; ******************************************************
                       ************************/
   25 00000000         
   26 00000000         
   27 00000000         ; <h> Stack Configuration
   28 00000000         ;   <o> Stack Size (in Bytes) <0x0-0xFFFFFFFF:8>
   29 00000000         ; </h>
   30 00000000         
   31 00000000 00000400 
                       Stack_Size
                               EQU              0x00000400
   32 00000000         
   33 00000000                 AREA             STACK, NOINIT, READWRITE, ALIGN
=3
   34 00000000         Stack_Mem
                               SPACE            Stack_Size
   35 00000400         __initial_sp
   36 00000400         
   37 00000400         
   38 00000400         ; <h> Heap Configuration
   39 00000400         ;   <o>  Heap Size (in Bytes) <0x0-0xFFFFFFFF:8>
   40 00000400         ; </h>
   41 00000400         
   42 00000400 00000200 
                       Heap_Size
                               EQU              0x00000200



ARM Macro Assembler    Page 2 


   43 00000400         
   44 00000400                 AREA             HEAP, NOINIT, READWRITE, ALIGN=
3
   45 00000000         __heap_base
   46 00000000         Heap_Mem
                               SPACE            Heap_Size
   47 00000200         __heap_limit
   48 00000200         
   49 00000200                 PRESERVE8
   50 00000200                 THUMB
   51 00000200         
   52 00000200         
   53 00000200         ; Vector Table Mapped to Address 0 at Reset
   54 00000200                 AREA             RESET, DATA, READONLY
   55 00000000                 EXPORT           __Vectors
   56 00000000                 EXPORT           __Vectors_End
   57 00000000                 EXPORT           __Vectors_Size
   58 00000000         
   59 00000000         
   60 00000000 00000000 
                       __Vectors
                               DCD              __initial_sp ; Top of Stack
   61 00000004 00000000        DCD              Reset_Handler ; Reset Handler
   62 00000008 00000000        DCD              NMI_Handler ; NMI Handler
   63 0000000C 00000000        DCD              HardFault_Handler ; Hard Fault 
                                                            Handler
   64 00000010 00000000        DCD              MemManage_Handler 
                                                            ; MPU Fault Handler
                                                            
   65 00000014 00000000        DCD              BusFault_Handler 
                                                            ; Bus Fault Handler
                                                            
   66 00000018 00000000        DCD              UsageFault_Handler ; Usage Faul
                                                            t Handler
   67 0000001C 00000000        DCD              0           ; Reserved
   68 00000020 00000000        DCD              0           ; Reserved
   69 00000024 00000000        DCD              0           ; Reserved
   70 00000028 00000000        DCD              0           ; Reserved
   71 0000002C 00000000        DCD              SVC_Handler ; SVCall Handler
   72 00000030 00000000        DCD              DebugMon_Handler ; Debug Monito
                                                            r Handler
   73 00000034 00000000        DCD              0           ; Reserved
   74 00000038 00000000        DCD              PendSV_Handler ; PendSV Handler
                                                            
   75 0000003C 00000000        DCD              SysTick_Handler 
                                                            ; SysTick Handler
   76 00000040         
   77 00000040         ; External Interrupts
   78 00000040 00000000        DCD              WWDT_IRQHandler ; IRQ 0: Window
                                                             WatchDog Timer
   79 00000044 00000000        DCD              LVD_IRQHandler ; IRQ 1: LVD
   80 00000048 00000000        DCD              WDT_IRQHandler ; IRQ 2: WatchDo
                                                            g Timer
   81 0000004C 00000000        DCD              SCU_IRQHandler ; IRQ 3: System 
                                                            Control Unit
   82 00000050 00000000        DCD              FLASH_IRQHandler ; IRQ 4: Flash
                                                             Memory Control 
   83 00000054 00000000        DCD              0
   84 00000058 00000000        DCD              0



ARM Macro Assembler    Page 3 


   85 0000005C 00000000        DCD              0
   86 00000060 00000000        DCD              0
   87 00000064 00000000        DCD              0
   88 00000068 00000000        DCD              0
   89 0000006C 00000000        DCD              DMA0_CH0_IRQHandler ; IRQ 11: D
                                                            MA0 Channel 0
   90 00000070 00000000        DCD              DMA0_CH1_IRQHandler ; IRQ 12: D
                                                            MA0 Channel 1
   91 00000074 00000000        DCD              DMA0_CH2_IRQHandler ; IRQ 13: D
                                                            MA0 Channel 2
   92 00000078 00000000        DCD              DMA0_CH3_IRQHandler ; IRQ 14: D
                                                            MA0 Channel 3
   93 0000007C 00000000        DCD              DMA0_CH4_IRQHandler ; IRQ 15: D
                                                            MA0 Channel 4
   94 00000080 00000000        DCD              DMA0_CH5_IRQHandler ; IRQ 16: D
                                                            MA0 Channel 5
   95 00000084 00000000        DCD              DMA0_CH6_IRQHandler ; IRQ 17: D
                                                            MA0 Channel 6
   96 00000088 00000000        DCD              ADC0_IRQHandler ; IRQ 18: ADC0
   97 0000008C 00000000        DCD              CAN0_TX_IRQHandler 
                                                            ; IRQ 19: CAN0 TX
   98 00000090 00000000        DCD              CAN0_RX_IRQHandler 
                                                            ; IRQ 20: CAN0 RX
   99 00000094 00000000        DCD              CAN0_TT_IRQHandler ; IRQ 21: CA
                                                            N0 Time Trigger
  100 00000098 00000000        DCD              CAN0_EW_IRQHandler ; IRQ 22: CA
                                                            N0 Error and Warnin
                                                            g
  101 0000009C 00000000        DCD              0
  102 000000A0 00000000        DCD              CT16B0_IRQHandler 
                                                            ;  ; IRQ 24: CT16B0
                                                            
  103 000000A4 00000000        DCD              CT16B8_IRQHandler 
                                                            ;  ; IRQ 25: CT16B8
                                                            
  104 000000A8 00000000        DCD              0
  105 000000AC 00000000        DCD              CT16B3_IRQHandler 
                                                            ;  ; IRQ 27: CT16B3
                                                            
  106 000000B0 00000000        DCD              CT16B2_IRQHandler 
                                                            ;  ; IRQ 28: CT16B2
                                                            
  107 000000B4 00000000        DCD              CT16B5_IRQHandler 
                                                            ;  ; IRQ 29: CT16B5
                                                            
  108 000000B8 00000000        DCD              0
  109 000000BC 00000000        DCD              I2C0_IRQHandler ; IRQ 31: I2C0
  110 000000C0 00000000        DCD              0
  111 000000C4 00000000        DCD              I2C1_IRQHandler ; IRQ 33: I2C2
  112 000000C8 00000000        DCD              0
  113 000000CC 00000000        DCD              SPI0_IRQHandler ; IRQ 35: SPI0
  114 000000D0 00000000        DCD              SPI1_IRQHandler ; IRQ 36: SPI1
  115 000000D4 00000000        DCD              UART0_IRQHandler 
                                                            ; IRQ 37: UART0
  116 000000D8 00000000        DCD              UART1_IRQHandler 
                                                            ; IRQ 38: UART1
  117 000000DC 00000000        DCD              UART2_IRQHandler 
                                                            ; IRQ 39: UART2
  118 000000E0 00000000        DCD              0



ARM Macro Assembler    Page 4 


  119 000000E4 00000000        DCD              0
  120 000000E8 00000000        DCD              0
  121 000000EC 00000000        DCD              CT16B4_IRQHandler 
                                                            ; IRQ 43: CT16B4
  122 000000F0 00000000        DCD              0
  123 000000F4 00000000        DCD              CT16B1_IRQHandler 
                                                            ; IRQ 45: CT16B1
  124 000000F8 00000000        DCD              0
  125 000000FC 00000000        DCD              DMA0_CH7_IRQHandler ; IRQ 47: D
                                                            MA0 Channel 7
  126 00000100 00000000        DCD              0
  127 00000104 00000000        DCD              SDIO_IRQHandler ; IRQ 49: SDIO
  128 00000108 00000000        DCD              0
  129 0000010C 00000000        DCD              SPI2_IRQHandler ; IRQ 51: SPI2
  130 00000110 00000000        DCD              UART3_IRQHandler 
                                                            ; IRQ 52: UART3
  131 00000114 00000000        DCD              UART4_IRQHandler 
                                                            ; IRQ 53: UART4
  132 00000118 00000000        DCD              CT16B6_IRQHandler 
                                                            ; IRQ 54: CT16B6
  133 0000011C 00000000        DCD              CT16B7_IRQHandler 
                                                            ; IRQ 55: CT16B7
  134 00000120 00000000        DCD              DMA1_CH0_IRQHandler ; IRQ 56: D
                                                            MA1 Channel 0
  135 00000124 00000000        DCD              DMA1_CH1_IRQHandler ; IRQ 57: D
                                                            MA1 Channel 1
  136 00000128 00000000        DCD              DMA1_CH2_IRQHandler ; IRQ 58: D
                                                            MA1 Channel 2
  137 0000012C 00000000        DCD              DMA1_CH3_IRQHandler ; IRQ 59: D
                                                            MA1 Channel 3
  138 00000130 00000000        DCD              DMA1_CH4_IRQHandler ; IRQ 60: D
                                                            MA1 Channel 4
  139 00000134 00000000        DCD              ETH_IRQHandler 
                                                            ; IRQ 61: Ethernet
  140 00000138 00000000        DCD              0
  141 0000013C 00000000        DCD              CAN1_TX_IRQHandler 
                                                            ; IRQ 63: CAN1 TX
  142 00000140 00000000        DCD              CAN1_RX_IRQHandler 
                                                            ; IRQ 64: CAN1 RX
  143 00000144 00000000        DCD              CAN1_TT_IRQHandler ; IRQ 65: CA
                                                            N1 Time Trigger
  144 00000148 00000000        DCD              CAN1_EW_IRQHandler ; IRQ 66: CA
                                                            N1 Error and Warnin
                                                            g
  145 0000014C 00000000        DCD              0
  146 00000150 00000000        DCD              DMA1_CH5_IRQHandler ; IRQ 68: D
                                                            MA1 Channel 5
  147 00000154 00000000        DCD              DMA1_CH6_IRQHandler ; IRQ 69: D
                                                            MA1 Channel 6
  148 00000158 00000000        DCD              DMA1_CH7_IRQHandler ; IRQ 70: D
                                                            MA1 Channel 7
  149 0000015C 00000000        DCD              UART5_IRQHandler 
                                                            ; IRQ 71: UART5
  150 00000160 00000000        DCD              I2C2_IRQHandler ; IRQ 72: I2C2
  151 00000164 00000000        DCD              0
  152 00000168 00000000        DCD              0
  153 0000016C 00000000        DCD              0
  154 00000170 00000000        DCD              0
  155 00000174 00000000        DCD              0



ARM Macro Assembler    Page 5 


  156 00000178 00000000        DCD              0
  157 0000017C 00000000        DCD              0
  158 00000180 00000000        DCD              0
  159 00000184 00000000        DCD              FPU_IRQHandler ; IRQ 81: FPU
  160 00000188 00000000        DCD              0
  161 0000018C 00000000        DCD              0
  162 00000190 00000000        DCD              0
  163 00000194 00000000        DCD              0
  164 00000198 00000000        DCD              0
  165 0000019C 00000000        DCD              0
  166 000001A0 00000000        DCD              0
  167 000001A4 00000000        DCD              0
  168 000001A8 00000000        DCD              LCM_IRQHandler ; IRQ 90: LCM
  169 000001AC 00000000        DCD              ETH_WOL_IRQHandler ; IRQ 91: Et
                                                            hernet WOL
  170 000001B0 00000000        DCD              GPIO3_IRQHandler 
                                                            ; IRQ 92: GPIO3
  171 000001B4 00000000        DCD              GPIO2_IRQHandler 
                                                            ; IRQ 93: GPIO2
  172 000001B8 00000000        DCD              GPIO1_IRQHandler 
                                                            ; IRQ 94: GPIO1
  173 000001BC 00000000        DCD              GPIO0_IRQHandler 
                                                            ; IRQ 95: GPIO0
  174 000001C0         
  175 000001C0         __Vectors_End
  176 000001C0         
  177 000001C0 000001C0 
                       __Vectors_Size
                               EQU              __Vectors_End - __Vectors
  178 000001C0         
  179 000001C0         
  180 000001C0         
  181 000001C0                 AREA             |.ARM.__at_0x0007DFFC|, CODE, R
EADONLY 
                                                            ;AREA CODE;    Defi
                                                            ne,CODE,READONLY
  182 00000000         ;0x7DFFC
  183 00000000 AAAA5555        DCD              0xAAAA5555  ; 
  184 00000004         ; ISP_MODE_FLAG = 0xAAAA5555 for USER MODE
  185 00000004         
  186 00000004                 AREA             |.text|, CODE, READONLY
  187 00000000         
  188 00000000         ; Reset Handler
  189 00000000         
  190 00000000         Reset_Handler
                               PROC
  191 00000000                 EXPORT           Reset_Handler   [WEAK]
  192 00000000         ;;;;;;;;;;;;;;;;;;;;;;;;;;;;;
  193 00000000 480E            LDR              R0, =0x4001F004
  194 00000002 6801            LDR              R1, [R0]
  195 00000004 F421 3180       AND              R1, R1, #0xFFFEFFFF
  196 00000008 6001            STR              R1, [R0]
  197 0000000A 480D            LDR              R0, =0x4001F000
  198 0000000C F44F 3180       LDR              R1, =0x00010000
  199 00000010 6001            STR              R1, [R0]
  200 00000012         ;;;;;;;;;;;;;;;;;;;;;;;;;;;;;
  201 00000012                 IMPORT           SystemInit
  202 00000012                 IMPORT           __main
  203 00000012 480C            LDR              R0, =SystemInit



ARM Macro Assembler    Page 6 


  204 00000014 4780            BLX              R0
  205 00000016 480C            LDR              R0, =__main
  206 00000018 4700            BX               R0
  207 0000001A                 ENDP
  208 0000001A         
  209 0000001A         ; Dummy Exception Handlers (infinite loops which can be 
                       modified)
  210 0000001A         
  211 0000001A         NMI_Handler
                               PROC
  212 0000001A                 EXPORT           NMI_Handler                [WEA
K]
  213 0000001A E7FE            B                .
  214 0000001C                 ENDP
  216 0000001C         HardFault_Handler
                               PROC
  217 0000001C                 EXPORT           HardFault_Handler          [WEA
K]
  218 0000001C E7FE            B                .
  219 0000001E                 ENDP
  221 0000001E         MemManage_Handler
                               PROC
  222 0000001E                 EXPORT           MemManage_Handler          [WEA
K]
  223 0000001E E7FE            B                .
  224 00000020                 ENDP
  226 00000020         BusFault_Handler
                               PROC
  227 00000020                 EXPORT           BusFault_Handler           [WEA
K]
  228 00000020 E7FE            B                .
  229 00000022                 ENDP
  231 00000022         UsageFault_Handler
                               PROC
  232 00000022                 EXPORT           UsageFault_Handler         [WEA
K]
  233 00000022 E7FE            B                .
  234 00000024                 ENDP
  235 00000024         SVC_Handler
                               PROC
  236 00000024                 EXPORT           SVC_Handler                [WEA
K]
  237 00000024 E7FE            B                .
  238 00000026                 ENDP
  240 00000026         DebugMon_Handler
                               PROC
  241 00000026                 EXPORT           DebugMon_Handler           [WEA
K]
  242 00000026 E7FE            B                .
  243 00000028                 ENDP
  244 00000028         PendSV_Handler
                               PROC
  245 00000028                 EXPORT           PendSV_Handler             [WEA
K]
  246 00000028 E7FE            B                .
  247 0000002A                 ENDP
  248 0000002A         SysTick_Handler
                               PROC
  249 0000002A                 EXPORT           SysTick_Handler            [WEA



ARM Macro Assembler    Page 7 


K]
  250 0000002A E7FE            B                .
  251 0000002C                 ENDP
  252 0000002C         
  253 0000002C         Default_Handler
                               PROC
  254 0000002C         
  255 0000002C                 EXPORT           WWDT_IRQHandler    [WEAK]
  256 0000002C                 EXPORT           LVD_IRQHandler    [WEAK]
  257 0000002C                 EXPORT           WDT_IRQHandler    [WEAK]
  258 0000002C                 EXPORT           SCU_IRQHandler    [WEAK]
  259 0000002C                 EXPORT           FLASH_IRQHandler    [WEAK]
  260 0000002C                 EXPORT           DMA0_CH0_IRQHandler   [WEAK]
  261 0000002C                 EXPORT           DMA0_CH1_IRQHandler   [WEAK]
  262 0000002C                 EXPORT           DMA0_CH2_IRQHandler   [WEAK]
  263 0000002C                 EXPORT           DMA0_CH3_IRQHandler   [WEAK]
  264 0000002C                 EXPORT           DMA0_CH4_IRQHandler   [WEAK]
  265 0000002C                 EXPORT           DMA0_CH5_IRQHandler   [WEAK]
  266 0000002C                 EXPORT           DMA0_CH6_IRQHandler   [WEAK]
  267 0000002C                 EXPORT           ADC0_IRQHandler    [WEAK]
  268 0000002C                 EXPORT           CAN0_TX_IRQHandler   [WEAK]
  269 0000002C                 EXPORT           CAN0_RX_IRQHandler   [WEAK]
  270 0000002C                 EXPORT           CAN0_TT_IRQHandler   [WEAK]
  271 0000002C                 EXPORT           CAN0_EW_IRQHandler   [WEAK]
  272 0000002C                 EXPORT           CT16B0_IRQHandler   [WEAK]
  273 0000002C                 EXPORT           CT16B8_IRQHandler   [WEAK]
  274 0000002C                 EXPORT           CT16B3_IRQHandler   [WEAK]
  275 0000002C                 EXPORT           CT16B2_IRQHandler   [WEAK]
  276 0000002C                 EXPORT           CT16B5_IRQHandler   [WEAK]
  277 0000002C                 EXPORT           I2C0_IRQHandler    [WEAK]
  278 0000002C                 EXPORT           I2C1_IRQHandler    [WEAK]
  279 0000002C                 EXPORT           SPI0_IRQHandler    [WEAK]
  280 0000002C                 EXPORT           SPI1_IRQHandler    [WEAK]
  281 0000002C                 EXPORT           UART0_IRQHandler   [WEAK]
  282 0000002C                 EXPORT           UART1_IRQHandler   [WEAK]
  283 0000002C                 EXPORT           UART2_IRQHandler   [WEAK]
  284 0000002C                 EXPORT           CT16B4_IRQHandler   [WEAK]
  285 0000002C                 EXPORT           CT16B1_IRQHandler   [WEAK]
  286 0000002C                 EXPORT           DMA0_CH7_IRQHandler   [WEAK]
  287 0000002C                 EXPORT           SDIO_IRQHandler    [WEAK]
  288 0000002C                 EXPORT           SPI2_IRQHandler    [WEAK]
  289 0000002C                 EXPORT           UART3_IRQHandler   [WEAK]
  290 0000002C                 EXPORT           UART4_IRQHandler   [WEAK]
  291 0000002C                 EXPORT           CT16B6_IRQHandler   [WEAK]
  292 0000002C                 EXPORT           CT16B7_IRQHandler   [WEAK]
  293 0000002C                 EXPORT           DMA1_CH0_IRQHandler   [WEAK]
  294 0000002C                 EXPORT           DMA1_CH1_IRQHandler   [WEAK]
  295 0000002C                 EXPORT           DMA1_CH2_IRQHandler   [WEAK]
  296 0000002C                 EXPORT           DMA1_CH3_IRQHandler   [WEAK]
  297 0000002C                 EXPORT           DMA1_CH4_IRQHandler   [WEAK]
  298 0000002C                 EXPORT           ETH_IRQHandler    [WEAK]
  299 0000002C                 EXPORT           CAN1_TX_IRQHandler   [WEAK]
  300 0000002C                 EXPORT           CAN1_RX_IRQHandler   [WEAK]
  301 0000002C                 EXPORT           CAN1_TT_IRQHandler   [WEAK]
  302 0000002C                 EXPORT           CAN1_EW_IRQHandler   [WEAK]
  303 0000002C                 EXPORT           DMA1_CH5_IRQHandler   [WEAK]
  304 0000002C                 EXPORT           DMA1_CH6_IRQHandler   [WEAK]
  305 0000002C                 EXPORT           DMA1_CH7_IRQHandler   [WEAK]
  306 0000002C                 EXPORT           UART5_IRQHandler   [WEAK]



ARM Macro Assembler    Page 8 


  307 0000002C                 EXPORT           I2C2_IRQHandler    [WEAK]
  308 0000002C                 EXPORT           FPU_IRQHandler    [WEAK]
  309 0000002C                 EXPORT           LCM_IRQHandler    [WEAK]
  310 0000002C                 EXPORT           ETH_WOL_IRQHandler   [WEAK]
  311 0000002C                 EXPORT           GPIO3_IRQHandler   [WEAK]
  312 0000002C                 EXPORT           GPIO2_IRQHandler   [WEAK]
  313 0000002C                 EXPORT           GPIO1_IRQHandler   [WEAK]
  314 0000002C                 EXPORT           GPIO0_IRQHandler   [WEAK]
  315 0000002C         
  316 0000002C         
  317 0000002C         WWDT_IRQHandler
  318 0000002C         LVD_IRQHandler
  319 0000002C         WDT_IRQHandler
  320 0000002C         SCU_IRQHandler
  321 0000002C         FLASH_IRQHandler
  322 0000002C         DMA0_CH0_IRQHandler
  323 0000002C         DMA0_CH1_IRQHandler
  324 0000002C         DMA0_CH2_IRQHandler
  325 0000002C         DMA0_CH3_IRQHandler
  326 0000002C         DMA0_CH4_IRQHandler
  327 0000002C         DMA0_CH5_IRQHandler
  328 0000002C         DMA0_CH6_IRQHandler
  329 0000002C         ADC0_IRQHandler
  330 0000002C         CAN0_TX_IRQHandler
  331 0000002C         CAN0_RX_IRQHandler
  332 0000002C         CAN0_TT_IRQHandler
  333 0000002C         CAN0_EW_IRQHandler
  334 0000002C         CT16B0_IRQHandler
  335 0000002C         CT16B8_IRQHandler
  336 0000002C         CT16B3_IRQHandler
  337 0000002C         CT16B2_IRQHandler
  338 0000002C         CT16B5_IRQHandler
  339 0000002C         I2C0_IRQHandler
  340 0000002C         I2C1_IRQHandler
  341 0000002C         SPI0_IRQHandler
  342 0000002C         SPI1_IRQHandler
  343 0000002C         UART0_IRQHandler
  344 0000002C         UART1_IRQHandler
  345 0000002C         UART2_IRQHandler
  346 0000002C         CT16B4_IRQHandler
  347 0000002C         CT16B1_IRQHandler
  348 0000002C         DMA0_CH7_IRQHandler
  349 0000002C         SDIO_IRQHandler
  350 0000002C         SPI2_IRQHandler
  351 0000002C         UART3_IRQHandler
  352 0000002C         UART4_IRQHandler
  353 0000002C         CT16B6_IRQHandler
  354 0000002C         CT16B7_IRQHandler
  355 0000002C         DMA1_CH0_IRQHandler
  356 0000002C         DMA1_CH1_IRQHandler
  357 0000002C         DMA1_CH2_IRQHandler
  358 0000002C         DMA1_CH3_IRQHandler
  359 0000002C         DMA1_CH4_IRQHandler
  360 0000002C         ETH_IRQHandler
  361 0000002C         CAN1_TX_IRQHandler
  362 0000002C         CAN1_RX_IRQHandler
  363 0000002C         CAN1_TT_IRQHandler
  364 0000002C         CAN1_EW_IRQHandler
  365 0000002C         DMA1_CH5_IRQHandler



ARM Macro Assembler    Page 9 


  366 0000002C         DMA1_CH6_IRQHandler
  367 0000002C         DMA1_CH7_IRQHandler
  368 0000002C         UART5_IRQHandler
  369 0000002C         I2C2_IRQHandler
  370 0000002C         FPU_IRQHandler
  371 0000002C         LCM_IRQHandler
  372 0000002C         ETH_WOL_IRQHandler
  373 0000002C         GPIO3_IRQHandler
  374 0000002C         GPIO2_IRQHandler
  375 0000002C         GPIO1_IRQHandler
  376 0000002C         GPIO0_IRQHandler
  377 0000002C E7FE            B                .
  378 0000002E         
  379 0000002E                 ENDP
  380 0000002E         
  381 0000002E 00 00           ALIGN
  382 00000030         
  383 00000030         
  384 00000030         ; User Stack and Heap
  385 00000030         
  386 00000030                 IF               :DEF:__MICROLIB
  393 00000030         
  394 00000030                 IMPORT           __use_two_region_memory
  395 00000030                 EXPORT           __user_initial_stackheap
  396 00000030         
  397 00000030         __user_initial_stackheap
  398 00000030         
  399 00000030 4806            LDR              R0, =  Heap_Mem
  400 00000032 4907            LDR              R1, =(Stack_Mem + Stack_Size)
  401 00000034 4A07            LDR              R2, = (Heap_Mem +  Heap_Size)
  402 00000036 4B08            LDR              R3, = Stack_Mem
  403 00000038 4770            BX               LR
  404 0000003A         
  405 0000003A 00 00           ALIGN
  406 0000003C         
  407 0000003C                 ENDIF
  408 0000003C         
  409 0000003C         
  410 0000003C                 END
              4001F004 
              4001F000 
              00000000 
              00000000 
              00000000 
              00000400 
              00000200 
              00000000 
Command Line: --debug --xref --diag_suppress=9931 --cpu=Cortex-M4.fp.sp --apcs=
interwork --depend=.\objects\startup_sn34f780.d -o.\objects\startup_sn34f780.o 
-I.\RTE\_Target_1 -ID:\APP\Kelic_Arm_V5\Arm\Packs\ARM\CMSIS\5.7.0\CMSIS\Core\In
clude -ID:\APP\Kelic_Arm_V5\Arm\Packs\SONiX\SN34F7_DFP\2.0.4\Device\Include --p
redefine="__UVISION_VERSION SETA 531" --predefine="_RTE_ SETA 1" --predefine="S
N34F780 SETA 1" --predefine="_RTE_ SETA 1" --list=.\listings\startup_sn34f780.l
st RTE\Device\SN34F788F\startup_SN34F780.s



ARM Macro Assembler    Page 1 Alphabetic symbol ordering
Relocatable symbols

STACK 00000000

Symbol: STACK
   Definitions
      At line 33 in file RTE\Device\SN34F788F\startup_SN34F780.s
   Uses
      None
Comment: STACK unused
Stack_Mem 00000000

Symbol: Stack_Mem
   Definitions
      At line 34 in file RTE\Device\SN34F788F\startup_SN34F780.s
   Uses
      At line 400 in file RTE\Device\SN34F788F\startup_SN34F780.s
      At line 402 in file RTE\Device\SN34F788F\startup_SN34F780.s

__initial_sp 00000400

Symbol: __initial_sp
   Definitions
      At line 35 in file RTE\Device\SN34F788F\startup_SN34F780.s
   Uses
      At line 60 in file RTE\Device\SN34F788F\startup_SN34F780.s
Comment: __initial_sp used once
3 symbols



ARM Macro Assembler    Page 1 Alphabetic symbol ordering
Relocatable symbols

HEAP 00000000

Symbol: HEAP
   Definitions
      At line 44 in file RTE\Device\SN34F788F\startup_SN34F780.s
   Uses
      None
Comment: HEAP unused
Heap_Mem 00000000

Symbol: Heap_Mem
   Definitions
      At line 46 in file RTE\Device\SN34F788F\startup_SN34F780.s
   Uses
      At line 399 in file RTE\Device\SN34F788F\startup_SN34F780.s
      At line 401 in file RTE\Device\SN34F788F\startup_SN34F780.s

__heap_base 00000000

Symbol: __heap_base
   Definitions
      At line 45 in file RTE\Device\SN34F788F\startup_SN34F780.s
   Uses
      None
Comment: __heap_base unused
__heap_limit 00000200

Symbol: __heap_limit
   Definitions
      At line 47 in file RTE\Device\SN34F788F\startup_SN34F780.s
   Uses
      None
Comment: __heap_limit unused
4 symbols



ARM Macro Assembler    Page 1 Alphabetic symbol ordering
Relocatable symbols

RESET 00000000

Symbol: RESET
   Definitions
      At line 54 in file RTE\Device\SN34F788F\startup_SN34F780.s
   Uses
      None
Comment: RESET unused
__Vectors 00000000

Symbol: __Vectors
   Definitions
      At line 60 in file RTE\Device\SN34F788F\startup_SN34F780.s
   Uses
      At line 55 in file RTE\Device\SN34F788F\startup_SN34F780.s
      At line 177 in file RTE\Device\SN34F788F\startup_SN34F780.s

__Vectors_End 000001C0

Symbol: __Vectors_End
   Definitions
      At line 175 in file RTE\Device\SN34F788F\startup_SN34F780.s
   Uses
      At line 56 in file RTE\Device\SN34F788F\startup_SN34F780.s
      At line 177 in file RTE\Device\SN34F788F\startup_SN34F780.s

3 symbols



ARM Macro Assembler    Page 1 Alphabetic symbol ordering
Relocatable symbols

.ARM.__at_0x0007DFFC 00000000

Symbol: .ARM.__at_0x0007DFFC
   Definitions
      At line 181 in file RTE\Device\SN34F788F\startup_SN34F780.s
   Uses
      None
Comment: .ARM.__at_0x0007DFFC unused
1 symbol



ARM Macro Assembler    Page 1 Alphabetic symbol ordering
Relocatable symbols

.text 00000000

Symbol: .text
   Definitions
      At line 186 in file RTE\Device\SN34F788F\startup_SN34F780.s
   Uses
      None
Comment: .text unused
ADC0_IRQHandler 0000002C

Symbol: ADC0_IRQHandler
   Definitions
      At line 329 in file RTE\Device\SN34F788F\startup_SN34F780.s
   Uses
      At line 96 in file RTE\Device\SN34F788F\startup_SN34F780.s
      At line 267 in file RTE\Device\SN34F788F\startup_SN34F780.s

BusFault_Handler 00000020

Symbol: BusFault_Handler
   Definitions
      At line 226 in file RTE\Device\SN34F788F\startup_SN34F780.s
   Uses
      At line 65 in file RTE\Device\SN34F788F\startup_SN34F780.s
      At line 227 in file RTE\Device\SN34F788F\startup_SN34F780.s

CAN0_EW_IRQHandler 0000002C

Symbol: CAN0_EW_IRQHandler
   Definitions
      At line 333 in file RTE\Device\SN34F788F\startup_SN34F780.s
   Uses
      At line 100 in file RTE\Device\SN34F788F\startup_SN34F780.s
      At line 271 in file RTE\Device\SN34F788F\startup_SN34F780.s

CAN0_RX_IRQHandler 0000002C

Symbol: CAN0_RX_IRQHandler
   Definitions
      At line 331 in file RTE\Device\SN34F788F\startup_SN34F780.s
   Uses
      At line 98 in file RTE\Device\SN34F788F\startup_SN34F780.s
      At line 269 in file RTE\Device\SN34F788F\startup_SN34F780.s

CAN0_TT_IRQHandler 0000002C

Symbol: CAN0_TT_IRQHandler
   Definitions
      At line 332 in file RTE\Device\SN34F788F\startup_SN34F780.s
   Uses
      At line 99 in file RTE\Device\SN34F788F\startup_SN34F780.s
      At line 270 in file RTE\Device\SN34F788F\startup_SN34F780.s

CAN0_TX_IRQHandler 0000002C

Symbol: CAN0_TX_IRQHandler
   Definitions
      At line 330 in file RTE\Device\SN34F788F\startup_SN34F780.s
   Uses



ARM Macro Assembler    Page 2 Alphabetic symbol ordering
Relocatable symbols

      At line 97 in file RTE\Device\SN34F788F\startup_SN34F780.s
      At line 268 in file RTE\Device\SN34F788F\startup_SN34F780.s

CAN1_EW_IRQHandler 0000002C

Symbol: CAN1_EW_IRQHandler
   Definitions
      At line 364 in file RTE\Device\SN34F788F\startup_SN34F780.s
   Uses
      At line 144 in file RTE\Device\SN34F788F\startup_SN34F780.s
      At line 302 in file RTE\Device\SN34F788F\startup_SN34F780.s

CAN1_RX_IRQHandler 0000002C

Symbol: CAN1_RX_IRQHandler
   Definitions
      At line 362 in file RTE\Device\SN34F788F\startup_SN34F780.s
   Uses
      At line 142 in file RTE\Device\SN34F788F\startup_SN34F780.s
      At line 300 in file RTE\Device\SN34F788F\startup_SN34F780.s

CAN1_TT_IRQHandler 0000002C

Symbol: CAN1_TT_IRQHandler
   Definitions
      At line 363 in file RTE\Device\SN34F788F\startup_SN34F780.s
   Uses
      At line 143 in file RTE\Device\SN34F788F\startup_SN34F780.s
      At line 301 in file RTE\Device\SN34F788F\startup_SN34F780.s

CAN1_TX_IRQHandler 0000002C

Symbol: CAN1_TX_IRQHandler
   Definitions
      At line 361 in file RTE\Device\SN34F788F\startup_SN34F780.s
   Uses
      At line 141 in file RTE\Device\SN34F788F\startup_SN34F780.s
      At line 299 in file RTE\Device\SN34F788F\startup_SN34F780.s

CT16B0_IRQHandler 0000002C

Symbol: CT16B0_IRQHandler
   Definitions
      At line 334 in file RTE\Device\SN34F788F\startup_SN34F780.s
   Uses
      At line 102 in file RTE\Device\SN34F788F\startup_SN34F780.s
      At line 272 in file RTE\Device\SN34F788F\startup_SN34F780.s

CT16B1_IRQHandler 0000002C

Symbol: CT16B1_IRQHandler
   Definitions
      At line 347 in file RTE\Device\SN34F788F\startup_SN34F780.s
   Uses
      At line 123 in file RTE\Device\SN34F788F\startup_SN34F780.s
      At line 285 in file RTE\Device\SN34F788F\startup_SN34F780.s

CT16B2_IRQHandler 0000002C




ARM Macro Assembler    Page 3 Alphabetic symbol ordering
Relocatable symbols

Symbol: CT16B2_IRQHandler
   Definitions
      At line 337 in file RTE\Device\SN34F788F\startup_SN34F780.s
   Uses
      At line 106 in file RTE\Device\SN34F788F\startup_SN34F780.s
      At line 275 in file RTE\Device\SN34F788F\startup_SN34F780.s

CT16B3_IRQHandler 0000002C

Symbol: CT16B3_IRQHandler
   Definitions
      At line 336 in file RTE\Device\SN34F788F\startup_SN34F780.s
   Uses
      At line 105 in file RTE\Device\SN34F788F\startup_SN34F780.s
      At line 274 in file RTE\Device\SN34F788F\startup_SN34F780.s

CT16B4_IRQHandler 0000002C

Symbol: CT16B4_IRQHandler
   Definitions
      At line 346 in file RTE\Device\SN34F788F\startup_SN34F780.s
   Uses
      At line 121 in file RTE\Device\SN34F788F\startup_SN34F780.s
      At line 284 in file RTE\Device\SN34F788F\startup_SN34F780.s

CT16B5_IRQHandler 0000002C

Symbol: CT16B5_IRQHandler
   Definitions
      At line 338 in file RTE\Device\SN34F788F\startup_SN34F780.s
   Uses
      At line 107 in file RTE\Device\SN34F788F\startup_SN34F780.s
      At line 276 in file RTE\Device\SN34F788F\startup_SN34F780.s

CT16B6_IRQHandler 0000002C

Symbol: CT16B6_IRQHandler
   Definitions
      At line 353 in file RTE\Device\SN34F788F\startup_SN34F780.s
   Uses
      At line 132 in file RTE\Device\SN34F788F\startup_SN34F780.s
      At line 291 in file RTE\Device\SN34F788F\startup_SN34F780.s

CT16B7_IRQHandler 0000002C

Symbol: CT16B7_IRQHandler
   Definitions
      At line 354 in file RTE\Device\SN34F788F\startup_SN34F780.s
   Uses
      At line 133 in file RTE\Device\SN34F788F\startup_SN34F780.s
      At line 292 in file RTE\Device\SN34F788F\startup_SN34F780.s

CT16B8_IRQHandler 0000002C

Symbol: CT16B8_IRQHandler
   Definitions
      At line 335 in file RTE\Device\SN34F788F\startup_SN34F780.s
   Uses
      At line 103 in file RTE\Device\SN34F788F\startup_SN34F780.s



ARM Macro Assembler    Page 4 Alphabetic symbol ordering
Relocatable symbols

      At line 273 in file RTE\Device\SN34F788F\startup_SN34F780.s

DMA0_CH0_IRQHandler 0000002C

Symbol: DMA0_CH0_IRQHandler
   Definitions
      At line 322 in file RTE\Device\SN34F788F\startup_SN34F780.s
   Uses
      At line 89 in file RTE\Device\SN34F788F\startup_SN34F780.s
      At line 260 in file RTE\Device\SN34F788F\startup_SN34F780.s

DMA0_CH1_IRQHandler 0000002C

Symbol: DMA0_CH1_IRQHandler
   Definitions
      At line 323 in file RTE\Device\SN34F788F\startup_SN34F780.s
   Uses
      At line 90 in file RTE\Device\SN34F788F\startup_SN34F780.s
      At line 261 in file RTE\Device\SN34F788F\startup_SN34F780.s

DMA0_CH2_IRQHandler 0000002C

Symbol: DMA0_CH2_IRQHandler
   Definitions
      At line 324 in file RTE\Device\SN34F788F\startup_SN34F780.s
   Uses
      At line 91 in file RTE\Device\SN34F788F\startup_SN34F780.s
      At line 262 in file RTE\Device\SN34F788F\startup_SN34F780.s

DMA0_CH3_IRQHandler 0000002C

Symbol: DMA0_CH3_IRQHandler
   Definitions
      At line 325 in file RTE\Device\SN34F788F\startup_SN34F780.s
   Uses
      At line 92 in file RTE\Device\SN34F788F\startup_SN34F780.s
      At line 263 in file RTE\Device\SN34F788F\startup_SN34F780.s

DMA0_CH4_IRQHandler 0000002C

Symbol: DMA0_CH4_IRQHandler
   Definitions
      At line 326 in file RTE\Device\SN34F788F\startup_SN34F780.s
   Uses
      At line 93 in file RTE\Device\SN34F788F\startup_SN34F780.s
      At line 264 in file RTE\Device\SN34F788F\startup_SN34F780.s

DMA0_CH5_IRQHandler 0000002C

Symbol: DMA0_CH5_IRQHandler
   Definitions
      At line 327 in file RTE\Device\SN34F788F\startup_SN34F780.s
   Uses
      At line 94 in file RTE\Device\SN34F788F\startup_SN34F780.s
      At line 265 in file RTE\Device\SN34F788F\startup_SN34F780.s

DMA0_CH6_IRQHandler 0000002C

Symbol: DMA0_CH6_IRQHandler



ARM Macro Assembler    Page 5 Alphabetic symbol ordering
Relocatable symbols

   Definitions
      At line 328 in file RTE\Device\SN34F788F\startup_SN34F780.s
   Uses
      At line 95 in file RTE\Device\SN34F788F\startup_SN34F780.s
      At line 266 in file RTE\Device\SN34F788F\startup_SN34F780.s

DMA0_CH7_IRQHandler 0000002C

Symbol: DMA0_CH7_IRQHandler
   Definitions
      At line 348 in file RTE\Device\SN34F788F\startup_SN34F780.s
   Uses
      At line 125 in file RTE\Device\SN34F788F\startup_SN34F780.s
      At line 286 in file RTE\Device\SN34F788F\startup_SN34F780.s

DMA1_CH0_IRQHandler 0000002C

Symbol: DMA1_CH0_IRQHandler
   Definitions
      At line 355 in file RTE\Device\SN34F788F\startup_SN34F780.s
   Uses
      At line 134 in file RTE\Device\SN34F788F\startup_SN34F780.s
      At line 293 in file RTE\Device\SN34F788F\startup_SN34F780.s

DMA1_CH1_IRQHandler 0000002C

Symbol: DMA1_CH1_IRQHandler
   Definitions
      At line 356 in file RTE\Device\SN34F788F\startup_SN34F780.s
   Uses
      At line 135 in file RTE\Device\SN34F788F\startup_SN34F780.s
      At line 294 in file RTE\Device\SN34F788F\startup_SN34F780.s

DMA1_CH2_IRQHandler 0000002C

Symbol: DMA1_CH2_IRQHandler
   Definitions
      At line 357 in file RTE\Device\SN34F788F\startup_SN34F780.s
   Uses
      At line 136 in file RTE\Device\SN34F788F\startup_SN34F780.s
      At line 295 in file RTE\Device\SN34F788F\startup_SN34F780.s

DMA1_CH3_IRQHandler 0000002C

Symbol: DMA1_CH3_IRQHandler
   Definitions
      At line 358 in file RTE\Device\SN34F788F\startup_SN34F780.s
   Uses
      At line 137 in file RTE\Device\SN34F788F\startup_SN34F780.s
      At line 296 in file RTE\Device\SN34F788F\startup_SN34F780.s

DMA1_CH4_IRQHandler 0000002C

Symbol: DMA1_CH4_IRQHandler
   Definitions
      At line 359 in file RTE\Device\SN34F788F\startup_SN34F780.s
   Uses
      At line 138 in file RTE\Device\SN34F788F\startup_SN34F780.s
      At line 297 in file RTE\Device\SN34F788F\startup_SN34F780.s



ARM Macro Assembler    Page 6 Alphabetic symbol ordering
Relocatable symbols


DMA1_CH5_IRQHandler 0000002C

Symbol: DMA1_CH5_IRQHandler
   Definitions
      At line 365 in file RTE\Device\SN34F788F\startup_SN34F780.s
   Uses
      At line 146 in file RTE\Device\SN34F788F\startup_SN34F780.s
      At line 303 in file RTE\Device\SN34F788F\startup_SN34F780.s

DMA1_CH6_IRQHandler 0000002C

Symbol: DMA1_CH6_IRQHandler
   Definitions
      At line 366 in file RTE\Device\SN34F788F\startup_SN34F780.s
   Uses
      At line 147 in file RTE\Device\SN34F788F\startup_SN34F780.s
      At line 304 in file RTE\Device\SN34F788F\startup_SN34F780.s

DMA1_CH7_IRQHandler 0000002C

Symbol: DMA1_CH7_IRQHandler
   Definitions
      At line 367 in file RTE\Device\SN34F788F\startup_SN34F780.s
   Uses
      At line 148 in file RTE\Device\SN34F788F\startup_SN34F780.s
      At line 305 in file RTE\Device\SN34F788F\startup_SN34F780.s

DebugMon_Handler 00000026

Symbol: DebugMon_Handler
   Definitions
      At line 240 in file RTE\Device\SN34F788F\startup_SN34F780.s
   Uses
      At line 72 in file RTE\Device\SN34F788F\startup_SN34F780.s
      At line 241 in file RTE\Device\SN34F788F\startup_SN34F780.s

Default_Handler 0000002C

Symbol: Default_Handler
   Definitions
      At line 253 in file RTE\Device\SN34F788F\startup_SN34F780.s
   Uses
      None
Comment: Default_Handler unused
ETH_IRQHandler 0000002C

Symbol: ETH_IRQHandler
   Definitions
      At line 360 in file RTE\Device\SN34F788F\startup_SN34F780.s
   Uses
      At line 139 in file RTE\Device\SN34F788F\startup_SN34F780.s
      At line 298 in file RTE\Device\SN34F788F\startup_SN34F780.s

ETH_WOL_IRQHandler 0000002C

Symbol: ETH_WOL_IRQHandler
   Definitions
      At line 372 in file RTE\Device\SN34F788F\startup_SN34F780.s



ARM Macro Assembler    Page 7 Alphabetic symbol ordering
Relocatable symbols

   Uses
      At line 169 in file RTE\Device\SN34F788F\startup_SN34F780.s
      At line 310 in file RTE\Device\SN34F788F\startup_SN34F780.s

FLASH_IRQHandler 0000002C

Symbol: FLASH_IRQHandler
   Definitions
      At line 321 in file RTE\Device\SN34F788F\startup_SN34F780.s
   Uses
      At line 82 in file RTE\Device\SN34F788F\startup_SN34F780.s
      At line 259 in file RTE\Device\SN34F788F\startup_SN34F780.s

FPU_IRQHandler 0000002C

Symbol: FPU_IRQHandler
   Definitions
      At line 370 in file RTE\Device\SN34F788F\startup_SN34F780.s
   Uses
      At line 159 in file RTE\Device\SN34F788F\startup_SN34F780.s
      At line 308 in file RTE\Device\SN34F788F\startup_SN34F780.s

GPIO0_IRQHandler 0000002C

Symbol: GPIO0_IRQHandler
   Definitions
      At line 376 in file RTE\Device\SN34F788F\startup_SN34F780.s
   Uses
      At line 173 in file RTE\Device\SN34F788F\startup_SN34F780.s
      At line 314 in file RTE\Device\SN34F788F\startup_SN34F780.s

GPIO1_IRQHandler 0000002C

Symbol: GPIO1_IRQHandler
   Definitions
      At line 375 in file RTE\Device\SN34F788F\startup_SN34F780.s
   Uses
      At line 172 in file RTE\Device\SN34F788F\startup_SN34F780.s
      At line 313 in file RTE\Device\SN34F788F\startup_SN34F780.s

GPIO2_IRQHandler 0000002C

Symbol: GPIO2_IRQHandler
   Definitions
      At line 374 in file RTE\Device\SN34F788F\startup_SN34F780.s
   Uses
      At line 171 in file RTE\Device\SN34F788F\startup_SN34F780.s
      At line 312 in file RTE\Device\SN34F788F\startup_SN34F780.s

GPIO3_IRQHandler 0000002C

Symbol: GPIO3_IRQHandler
   Definitions
      At line 373 in file RTE\Device\SN34F788F\startup_SN34F780.s
   Uses
      At line 170 in file RTE\Device\SN34F788F\startup_SN34F780.s
      At line 311 in file RTE\Device\SN34F788F\startup_SN34F780.s

HardFault_Handler 0000001C



ARM Macro Assembler    Page 8 Alphabetic symbol ordering
Relocatable symbols


Symbol: HardFault_Handler
   Definitions
      At line 216 in file RTE\Device\SN34F788F\startup_SN34F780.s
   Uses
      At line 63 in file RTE\Device\SN34F788F\startup_SN34F780.s
      At line 217 in file RTE\Device\SN34F788F\startup_SN34F780.s

I2C0_IRQHandler 0000002C

Symbol: I2C0_IRQHandler
   Definitions
      At line 339 in file RTE\Device\SN34F788F\startup_SN34F780.s
   Uses
      At line 109 in file RTE\Device\SN34F788F\startup_SN34F780.s
      At line 277 in file RTE\Device\SN34F788F\startup_SN34F780.s

I2C1_IRQHandler 0000002C

Symbol: I2C1_IRQHandler
   Definitions
      At line 340 in file RTE\Device\SN34F788F\startup_SN34F780.s
   Uses
      At line 111 in file RTE\Device\SN34F788F\startup_SN34F780.s
      At line 278 in file RTE\Device\SN34F788F\startup_SN34F780.s

I2C2_IRQHandler 0000002C

Symbol: I2C2_IRQHandler
   Definitions
      At line 369 in file RTE\Device\SN34F788F\startup_SN34F780.s
   Uses
      At line 150 in file RTE\Device\SN34F788F\startup_SN34F780.s
      At line 307 in file RTE\Device\SN34F788F\startup_SN34F780.s

LCM_IRQHandler 0000002C

Symbol: LCM_IRQHandler
   Definitions
      At line 371 in file RTE\Device\SN34F788F\startup_SN34F780.s
   Uses
      At line 168 in file RTE\Device\SN34F788F\startup_SN34F780.s
      At line 309 in file RTE\Device\SN34F788F\startup_SN34F780.s

LVD_IRQHandler 0000002C

Symbol: LVD_IRQHandler
   Definitions
      At line 318 in file RTE\Device\SN34F788F\startup_SN34F780.s
   Uses
      At line 79 in file RTE\Device\SN34F788F\startup_SN34F780.s
      At line 256 in file RTE\Device\SN34F788F\startup_SN34F780.s

MemManage_Handler 0000001E

Symbol: MemManage_Handler
   Definitions
      At line 221 in file RTE\Device\SN34F788F\startup_SN34F780.s
   Uses



ARM Macro Assembler    Page 9 Alphabetic symbol ordering
Relocatable symbols

      At line 64 in file RTE\Device\SN34F788F\startup_SN34F780.s
      At line 222 in file RTE\Device\SN34F788F\startup_SN34F780.s

NMI_Handler 0000001A

Symbol: NMI_Handler
   Definitions
      At line 211 in file RTE\Device\SN34F788F\startup_SN34F780.s
   Uses
      At line 62 in file RTE\Device\SN34F788F\startup_SN34F780.s
      At line 212 in file RTE\Device\SN34F788F\startup_SN34F780.s

PendSV_Handler 00000028

Symbol: PendSV_Handler
   Definitions
      At line 244 in file RTE\Device\SN34F788F\startup_SN34F780.s
   Uses
      At line 74 in file RTE\Device\SN34F788F\startup_SN34F780.s
      At line 245 in file RTE\Device\SN34F788F\startup_SN34F780.s

Reset_Handler 00000000

Symbol: Reset_Handler
   Definitions
      At line 190 in file RTE\Device\SN34F788F\startup_SN34F780.s
   Uses
      At line 61 in file RTE\Device\SN34F788F\startup_SN34F780.s
      At line 191 in file RTE\Device\SN34F788F\startup_SN34F780.s

SCU_IRQHandler 0000002C

Symbol: SCU_IRQHandler
   Definitions
      At line 320 in file RTE\Device\SN34F788F\startup_SN34F780.s
   Uses
      At line 81 in file RTE\Device\SN34F788F\startup_SN34F780.s
      At line 258 in file RTE\Device\SN34F788F\startup_SN34F780.s

SDIO_IRQHandler 0000002C

Symbol: SDIO_IRQHandler
   Definitions
      At line 349 in file RTE\Device\SN34F788F\startup_SN34F780.s
   Uses
      At line 127 in file RTE\Device\SN34F788F\startup_SN34F780.s
      At line 287 in file RTE\Device\SN34F788F\startup_SN34F780.s

SPI0_IRQHandler 0000002C

Symbol: SPI0_IRQHandler
   Definitions
      At line 341 in file RTE\Device\SN34F788F\startup_SN34F780.s
   Uses
      At line 113 in file RTE\Device\SN34F788F\startup_SN34F780.s
      At line 279 in file RTE\Device\SN34F788F\startup_SN34F780.s

SPI1_IRQHandler 0000002C




ARM Macro Assembler    Page 10 Alphabetic symbol ordering
Relocatable symbols

Symbol: SPI1_IRQHandler
   Definitions
      At line 342 in file RTE\Device\SN34F788F\startup_SN34F780.s
   Uses
      At line 114 in file RTE\Device\SN34F788F\startup_SN34F780.s
      At line 280 in file RTE\Device\SN34F788F\startup_SN34F780.s

SPI2_IRQHandler 0000002C

Symbol: SPI2_IRQHandler
   Definitions
      At line 350 in file RTE\Device\SN34F788F\startup_SN34F780.s
   Uses
      At line 129 in file RTE\Device\SN34F788F\startup_SN34F780.s
      At line 288 in file RTE\Device\SN34F788F\startup_SN34F780.s

SVC_Handler 00000024

Symbol: SVC_Handler
   Definitions
      At line 235 in file RTE\Device\SN34F788F\startup_SN34F780.s
   Uses
      At line 71 in file RTE\Device\SN34F788F\startup_SN34F780.s
      At line 236 in file RTE\Device\SN34F788F\startup_SN34F780.s

SysTick_Handler 0000002A

Symbol: SysTick_Handler
   Definitions
      At line 248 in file RTE\Device\SN34F788F\startup_SN34F780.s
   Uses
      At line 75 in file RTE\Device\SN34F788F\startup_SN34F780.s
      At line 249 in file RTE\Device\SN34F788F\startup_SN34F780.s

UART0_IRQHandler 0000002C

Symbol: UART0_IRQHandler
   Definitions
      At line 343 in file RTE\Device\SN34F788F\startup_SN34F780.s
   Uses
      At line 115 in file RTE\Device\SN34F788F\startup_SN34F780.s
      At line 281 in file RTE\Device\SN34F788F\startup_SN34F780.s

UART1_IRQHandler 0000002C

Symbol: UART1_IRQHandler
   Definitions
      At line 344 in file RTE\Device\SN34F788F\startup_SN34F780.s
   Uses
      At line 116 in file RTE\Device\SN34F788F\startup_SN34F780.s
      At line 282 in file RTE\Device\SN34F788F\startup_SN34F780.s

UART2_IRQHandler 0000002C

Symbol: UART2_IRQHandler
   Definitions
      At line 345 in file RTE\Device\SN34F788F\startup_SN34F780.s
   Uses
      At line 117 in file RTE\Device\SN34F788F\startup_SN34F780.s



ARM Macro Assembler    Page 11 Alphabetic symbol ordering
Relocatable symbols

      At line 283 in file RTE\Device\SN34F788F\startup_SN34F780.s

UART3_IRQHandler 0000002C

Symbol: UART3_IRQHandler
   Definitions
      At line 351 in file RTE\Device\SN34F788F\startup_SN34F780.s
   Uses
      At line 130 in file RTE\Device\SN34F788F\startup_SN34F780.s
      At line 289 in file RTE\Device\SN34F788F\startup_SN34F780.s

UART4_IRQHandler 0000002C

Symbol: UART4_IRQHandler
   Definitions
      At line 352 in file RTE\Device\SN34F788F\startup_SN34F780.s
   Uses
      At line 131 in file RTE\Device\SN34F788F\startup_SN34F780.s
      At line 290 in file RTE\Device\SN34F788F\startup_SN34F780.s

UART5_IRQHandler 0000002C

Symbol: UART5_IRQHandler
   Definitions
      At line 368 in file RTE\Device\SN34F788F\startup_SN34F780.s
   Uses
      At line 149 in file RTE\Device\SN34F788F\startup_SN34F780.s
      At line 306 in file RTE\Device\SN34F788F\startup_SN34F780.s

UsageFault_Handler 00000022

Symbol: UsageFault_Handler
   Definitions
      At line 231 in file RTE\Device\SN34F788F\startup_SN34F780.s
   Uses
      At line 66 in file RTE\Device\SN34F788F\startup_SN34F780.s
      At line 232 in file RTE\Device\SN34F788F\startup_SN34F780.s

WDT_IRQHandler 0000002C

Symbol: WDT_IRQHandler
   Definitions
      At line 319 in file RTE\Device\SN34F788F\startup_SN34F780.s
   Uses
      At line 80 in file RTE\Device\SN34F788F\startup_SN34F780.s
      At line 257 in file RTE\Device\SN34F788F\startup_SN34F780.s

WWDT_IRQHandler 0000002C

Symbol: WWDT_IRQHandler
   Definitions
      At line 317 in file RTE\Device\SN34F788F\startup_SN34F780.s
   Uses
      At line 78 in file RTE\Device\SN34F788F\startup_SN34F780.s
      At line 255 in file RTE\Device\SN34F788F\startup_SN34F780.s

__user_initial_stackheap 00000030

Symbol: __user_initial_stackheap



ARM Macro Assembler    Page 12 Alphabetic symbol ordering
Relocatable symbols

   Definitions
      At line 397 in file RTE\Device\SN34F788F\startup_SN34F780.s
   Uses
      At line 395 in file RTE\Device\SN34F788F\startup_SN34F780.s
Comment: __user_initial_stackheap used once
73 symbols



ARM Macro Assembler    Page 1 Alphabetic symbol ordering
Absolute symbols

Heap_Size 00000200

Symbol: Heap_Size
   Definitions
      At line 42 in file RTE\Device\SN34F788F\startup_SN34F780.s
   Uses
      At line 46 in file RTE\Device\SN34F788F\startup_SN34F780.s
      At line 401 in file RTE\Device\SN34F788F\startup_SN34F780.s

Stack_Size 00000400

Symbol: Stack_Size
   Definitions
      At line 31 in file RTE\Device\SN34F788F\startup_SN34F780.s
   Uses
      At line 34 in file RTE\Device\SN34F788F\startup_SN34F780.s
      At line 400 in file RTE\Device\SN34F788F\startup_SN34F780.s

__Vectors_Size 000001C0

Symbol: __Vectors_Size
   Definitions
      At line 177 in file RTE\Device\SN34F788F\startup_SN34F780.s
   Uses
      At line 57 in file RTE\Device\SN34F788F\startup_SN34F780.s
Comment: __Vectors_Size used once
3 symbols



ARM Macro Assembler    Page 1 Alphabetic symbol ordering
External symbols

SystemInit 00000000

Symbol: SystemInit
   Definitions
      At line 201 in file RTE\Device\SN34F788F\startup_SN34F780.s
   Uses
      At line 203 in file RTE\Device\SN34F788F\startup_SN34F780.s
Comment: SystemInit used once
__main 00000000

Symbol: __main
   Definitions
      At line 202 in file RTE\Device\SN34F788F\startup_SN34F780.s
   Uses
      At line 205 in file RTE\Device\SN34F788F\startup_SN34F780.s
Comment: __main used once
__use_two_region_memory 00000000

Symbol: __use_two_region_memory
   Definitions
      At line 394 in file RTE\Device\SN34F788F\startup_SN34F780.s
   Uses
      None
Comment: __use_two_region_memory unused
3 symbols
428 symbols in table
